::1 - - [22/Feb/2026:15:26:17 +0300] "GET /index.php HTTP/1.1" 200 81849
127.0.0.1 - - [06/Mar/2026:19:29:48 +0300] "GET / HTTP/1.1" 200 82719
127.0.0.1 - - [06/Mar/2026:19:29:49 +0300] "GET /favicon.ico HTTP/1.1" 404 236
127.0.0.1 - - [06/Mar/2026:19:37:08 +0300] "GET / HTTP/1.1" 200 2904
127.0.0.1 - - [06/Mar/2026:19:37:08 +0300] "GET /public/assets/img/avatar.png HTTP/1.1" 200 98103
127.0.0.1 - - [06/Mar/2026:19:37:08 +0300] "GET /public/assets/css/styles.css HTTP/1.1" 200 13875
127.0.0.1 - - [06/Mar/2026:19:37:08 +0300] "GET /public/assets/js/datetime.js HTTP/1.1" 200 1560
127.0.0.1 - - [06/Mar/2026:19:37:08 +0300] "GET /public/assets/js/history.js HTTP/1.1" 200 4758
127.0.0.1 - - [06/Mar/2026:19:37:08 +0300] "GET /public/assets/js/photoalbum.js HTTP/1.1" 200 3439
127.0.0.1 - - [06/Mar/2026:19:37:15 +0300] "GET /public/assets/img/favicon-32x32.png HTTP/1.1" 200 2027
127.0.0.1 - - [06/Mar/2026:19:37:20 +0300] "GET / HTTP/1.1" 200 2904
127.0.0.1 - - [06/Mar/2026:19:37:21 +0300] "GET / HTTP/1.1" 200 2904
127.0.0.1 - - [06/Mar/2026:19:37:22 +0300] "GET /about HTTP/1.1" 404 236
127.0.0.1 - - [06/Mar/2026:19:37:25 +0300] "GET /interests HTTP/1.1" 404 236
127.0.0.1 - - [06/Mar/2026:19:37:27 +0300] "GET /study HTTP/1.1" 404 236
127.0.0.1 - - [06/Mar/2026:19:37:29 +0300] "GET /album HTTP/1.1" 404 236
127.0.0.1 - - [06/Mar/2026:19:37:31 +0300] "GET /contacts HTTP/1.1" 404 236
127.0.0.1 - - [06/Mar/2026:19:37:33 +0300] "GET /history HTTP/1.1" 404 236
127.0.0.1 - - [06/Mar/2026:19:40:14 +0300] "GET /about HTTP/1.1" 404 236
127.0.0.1 - - [06/Mar/2026:19:44:52 +0300] "GET / HTTP/1.1" 200 2904
127.0.0.1 - - [06/Mar/2026:19:44:52 +0300] "GET /public/assets/js/history.js HTTP/1.1" 304 -
127.0.0.1 - - [06/Mar/2026:19:44:53 +0300] "GET /about HTTP/1.1" 404 236
127.0.0.1 - - [06/Mar/2026:19:44:54 +0300] "GET /about HTTP/1.1" 404 236
127.0.0.1 - - [06/Mar/2026:19:46:40 +0300] "GET /index.php?url=about HTTP/1.1" 200 94
127.0.0.1 - - [06/Mar/2026:19:46:43 +0300] "GET /index.php?url=about HTTP/1.1" 200 94
127.0.0.1 - - [06/Mar/2026:19:49:08 +0300] "GET / HTTP/1.1" 200 2904
127.0.0.1 - - [06/Mar/2026:19:49:08 +0300] "GET /public/assets/js/history.js HTTP/1.1" 304 -
127.0.0.1 - - [06/Mar/2026:19:49:11 +0300] "GET /interests HTTP/1.1" 404 236
127.0.0.1 - - [06/Mar/2026:19:49:13 +0300] "GET /about HTTP/1.1" 404 236
127.0.0.1 - - [06/Mar/2026:19:49:24 +0300] "GET /index.php?url=about HTTP/1.1" 200 2660
127.0.0.1 - - [06/Mar/2026:20:18:06 +0300] "GET /about HTTP/1.1" 404 236
127.0.0.1 - - [06/Mar/2026:20:18:23 +0300] "GET /.well-known/appspecific/com.chrome.devtools.json HTTP/1.1" 404 236
127.0.0.1 - - [06/Mar/2026:20:18:34 +0300] "GET /about HTTP/1.1" 404 236
127.0.0.1 - - [06/Mar/2026:20:18:34 +0300] "GET /.well-known/appspecific/com.chrome.devtools.json HTTP/1.1" 404 236
::1 - - [06/Mar/2026:20:35:17 +0300] "GET /about HTTP/1.1" 404 236
::1 - - [06/Mar/2026:20:35:22 +0300] "GET / HTTP/1.1" 200 2904
::1 - - [06/Mar/2026:20:35:22 +0300] "GET /public/assets/js/history.js HTTP/1.1" 304 -
::1 - - [06/Mar/2026:20:36:46 +0300] "GET / HTTP/1.1" 200 2904
::1 - - [06/Mar/2026:20:36:48 +0300] "GET /about HTTP/1.1" 404 236
::1 - - [06/Mar/2026:20:44:02 +0300] "GET /about HTTP/1.1" 404 236
::1 - - [06/Mar/2026:20:44:07 +0300] "GET / HTTP/1.1" 200 2904
::1 - - [06/Mar/2026:20:44:07 +0300] "GET /public/assets/js/history.js HTTP/1.1" 304 -
::1 - - [06/Mar/2026:20:44:16 +0300] "GET /about HTTP/1.1" 404 236
::1 - - [06/Mar/2026:20:44:28 +0300] "GET / HTTP/1.1" 200 2904
::1 - - [06/Mar/2026:20:45:29 +0300] "GET /about HTTP/1.1" 404 236
::1 - - [06/Mar/2026:20:45:30 +0300] "GET /about HTTP/1.1" 404 236
::1 - - [06/Mar/2026:20:48:41 +0300] "GET /about HTTP/1.1" 404 236
::1 - - [06/Mar/2026:20:48:44 +0300] "GET / HTTP/1.1" 200 2904
::1 - - [06/Mar/2026:20:48:46 +0300] "GET / HTTP/1.1" 200 2904
::1 - - [06/Mar/2026:20:48:58 +0300] "GET / HTTP/1.1" 200 2904
::1 - - [06/Mar/2026:20:48:59 +0300] "GET / HTTP/1.1" 200 2904
::1 - - [06/Mar/2026:20:49:01 +0300] "GET /about HTTP/1.1" 404 236
::1 - - [06/Mar/2026:20:50:27 +0300] "GET /about HTTP/1.1" 404 236
::1 - - [06/Mar/2026:20:50:30 +0300] "GET / HTTP/1.1" 200 2904
::1 - - [06/Mar/2026:20:50:32 +0300] "GET / HTTP/1.1" 200 2904
::1 - - [06/Mar/2026:20:51:20 +0300] "GET / HTTP/1.1" 200 2904
::1 - - [06/Mar/2026:20:55:30 +0300] "GET / HTTP/1.1" 200 2904
::1 - - [06/Mar/2026:20:55:30 +0300] "GET /public/assets/js/history.js HTTP/1.1" 304 -
::1 - - [06/Mar/2026:20:55:30 +0300] "GET / HTTP/1.1" 200 2904
::1 - - [06/Mar/2026:20:55:31 +0300] "GET /about HTTP/1.1" 200 2904
::1 - - [06/Mar/2026:20:55:32 +0300] "GET /interests HTTP/1.1" 200 2904
::1 - - [06/Mar/2026:20:55:33 +0300] "GET /interests HTTP/1.1" 200 2904
::1 - - [06/Mar/2026:20:55:34 +0300] "GET /interests HTTP/1.1" 200 2904
::1 - - [06/Mar/2026:20:55:35 +0300] "GET /interests HTTP/1.1" 200 2904
::1 - - [06/Mar/2026:20:55:35 +0300] "GET /interests HTTP/1.1" 200 2904
::1 - - [06/Mar/2026:20:55:36 +0300] "GET /interests HTTP/1.1" 200 2904
::1 - - [06/Mar/2026:20:55:37 +0300] "GET /interests HTTP/1.1" 200 2904
::1 - - [06/Mar/2026:20:55:37 +0300] "GET /about HTTP/1.1" 200 2904
::1 - - [06/Mar/2026:20:55:38 +0300] "GET / HTTP/1.1" 200 2904
::1 - - [06/Mar/2026:20:55:38 +0300] "GET /interests HTTP/1.1" 200 2904
::1 - - [06/Mar/2026:20:55:39 +0300] "GET /about HTTP/1.1" 200 2904
::1 - - [06/Mar/2026:20:55:39 +0300] "GET /interests HTTP/1.1" 200 2904
::1 - - [06/Mar/2026:20:55:40 +0300] "GET /test HTTP/1.1" 200 2904
::1 - - [06/Mar/2026:20:55:41 +0300] "GET /album HTTP/1.1" 200 2904
::1 - - [06/Mar/2026:20:55:41 +0300] "GET /contacts HTTP/1.1" 200 2904
::1 - - [06/Mar/2026:20:55:41 +0300] "GET /history HTTP/1.1" 200 2904
::1 - - [06/Mar/2026:20:55:42 +0300] "GET /contacts HTTP/1.1" 200 2904
::1 - - [06/Mar/2026:20:55:42 +0300] "GET /album HTTP/1.1" 200 2904
::1 - - [06/Mar/2026:20:55:43 +0300] "GET /test HTTP/1.1" 200 2904
::1 - - [06/Mar/2026:20:55:44 +0300] "GET / HTTP/1.1" 200 2904
::1 - - [06/Mar/2026:20:56:01 +0300] "GET / HTTP/1.1" 200 2904
::1 - - [06/Mar/2026:20:56:02 +0300] "GET / HTTP/1.1" 200 2904
::1 - - [06/Mar/2026:20:56:02 +0300] "GET /about HTTP/1.1" 200 2660
::1 - - [06/Mar/2026:20:56:03 +0300] "GET /interests HTTP/1.1" 200 3563
::1 - - [06/Mar/2026:20:56:03 +0300] "GET /public/assets/js/interests.js HTTP/1.1" 200 1875
::1 - - [06/Mar/2026:20:56:04 +0300] "GET /study HTTP/1.1" 200 4839
::1 - - [06/Mar/2026:20:56:05 +0300] "GET /test HTTP/1.1" 200 5842
::1 - - [06/Mar/2026:20:56:05 +0300] "GET /public/assets/js/validate_test.js HTTP/1.1" 200 3352
::1 - - [06/Mar/2026:20:56:06 +0300] "GET /album HTTP/1.1" 200 2412
::1 - - [06/Mar/2026:20:56:06 +0300] "GET /public/assets/js/album.js HTTP/1.1" 200 1515
::1 - - [06/Mar/2026:20:56:06 +0300] "GET /public/assets/img/album/photo_01.png HTTP/1.1" 200 51
::1 - - [06/Mar/2026:20:56:06 +0300] "GET /public/assets/img/album/photo_02.png HTTP/1.1" 200 51
::1 - - [06/Mar/2026:20:56:06 +0300] "GET /public/assets/img/album/photo_04.png HTTP/1.1" 200 51
::1 - - [06/Mar/2026:20:56:06 +0300] "GET /public/assets/img/album/photo_07.png HTTP/1.1" 200 51
::1 - - [06/Mar/2026:20:56:06 +0300] "GET /public/assets/img/album/photo_05.png HTTP/1.1" 200 51
::1 - - [06/Mar/2026:20:56:06 +0300] "GET /public/assets/img/album/photo_08.png HTTP/1.1" 200 51
::1 - - [06/Mar/2026:20:56:06 +0300] "GET /public/assets/img/album/photo_06.png HTTP/1.1" 200 51
::1 - - [06/Mar/2026:20:56:06 +0300] "GET /public/assets/img/album/photo_03.png HTTP/1.1" 200 51
::1 - - [06/Mar/2026:20:56:06 +0300] "GET /public/assets/img/album/photo_09.png HTTP/1.1" 200 51
::1 - - [06/Mar/2026:20:56:08 +0300] "GET /album HTTP/1.1" 200 2412
::1 - - [06/Mar/2026:20:56:08 +0300] "GET /public/assets/img/album/photo_01.png HTTP/1.1" 200 51
::1 - - [06/Mar/2026:20:56:08 +0300] "GET /public/assets/img/album/photo_02.png HTTP/1.1" 200 51
::1 - - [06/Mar/2026:20:56:08 +0300] "GET /public/assets/img/album/photo_03.png HTTP/1.1" 200 51
::1 - - [06/Mar/2026:20:56:08 +0300] "GET /public/assets/img/album/photo_05.png HTTP/1.1" 200 51
::1 - - [06/Mar/2026:20:56:08 +0300] "GET /public/assets/img/album/photo_06.png HTTP/1.1" 200 51
::1 - - [06/Mar/2026:20:56:08 +0300] "GET /public/assets/img/album/photo_04.png HTTP/1.1" 200 51
::1 - - [06/Mar/2026:20:56:08 +0300] "GET /public/assets/img/album/photo_07.png HTTP/1.1" 200 51
::1 - - [06/Mar/2026:20:56:08 +0300] "GET /public/assets/img/album/photo_08.png HTTP/1.1" 200 51
::1 - - [06/Mar/2026:20:56:08 +0300] "GET /public/assets/img/album/photo_09.png HTTP/1.1" 200 51
::1 - - [06/Mar/2026:20:56:08 +0300] "GET /contacts HTTP/1.1" 200 5270
::1 - - [06/Mar/2026:20:56:08 +0300] "GET /public/assets/js/validate.js HTTP/1.1" 200 10459
::1 - - [06/Mar/2026:20:56:08 +0300] "GET /public/assets/js/modal.js HTTP/1.1" 200 2201
::1 - - [06/Mar/2026:20:56:08 +0300] "GET /public/assets/js/calendar.js HTTP/1.1" 200 5126
::1 - - [06/Mar/2026:20:56:09 +0300] "GET /album HTTP/1.1" 200 2412
::1 - - [06/Mar/2026:20:56:10 +0300] "GET /public/assets/img/album/photo_01.png HTTP/1.1" 200 51
::1 - - [06/Mar/2026:20:56:10 +0300] "GET /public/assets/img/album/photo_04.png HTTP/1.1" 200 51
::1 - - [06/Mar/2026:20:56:10 +0300] "GET /public/assets/img/album/photo_05.png HTTP/1.1" 200 51
::1 - - [06/Mar/2026:20:56:10 +0300] "GET /public/assets/img/album/photo_06.png HTTP/1.1" 200 51
::1 - - [06/Mar/2026:20:56:10 +0300] "GET /public/assets/img/album/photo_07.png HTTP/1.1" 200 51
::1 - - [06/Mar/2026:20:56:10 +0300] "GET /public/assets/img/album/photo_02.png HTTP/1.1" 200 51
::1 - - [06/Mar/2026:20:56:10 +0300] "GET /public/assets/img/album/photo_03.png HTTP/1.1" 200 51
::1 - - [06/Mar/2026:20:56:10 +0300] "GET /public/assets/img/album/photo_08.png HTTP/1.1" 200 51
::1 - - [06/Mar/2026:20:56:10 +0300] "GET /public/assets/img/album/photo_09.png HTTP/1.1" 200 51
::1 - - [06/Mar/2026:20:56:11 +0300] "GET /test HTTP/1.1" 200 5842
::1 - - [06/Mar/2026:20:56:11 +0300] "GET /album HTTP/1.1" 200 2412
::1 - - [06/Mar/2026:20:56:11 +0300] "GET /public/assets/img/album/photo_01.png HTTP/1.1" 200 51
::1 - - [06/Mar/2026:20:56:11 +0300] "GET /public/assets/img/album/photo_02.png HTTP/1.1" 200 51
::1 - - [06/Mar/2026:20:56:11 +0300] "GET /public/assets/img/album/photo_03.png HTTP/1.1" 200 51
::1 - - [06/Mar/2026:20:56:11 +0300] "GET /public/assets/img/album/photo_04.png HTTP/1.1" 200 51
::1 - - [06/Mar/2026:20:56:11 +0300] "GET /public/assets/img/album/photo_05.png HTTP/1.1" 200 51
::1 - - [06/Mar/2026:20:56:11 +0300] "GET /public/assets/img/album/photo_06.png HTTP/1.1" 200 51
::1 - - [06/Mar/2026:20:56:11 +0300] "GET /public/assets/img/album/photo_07.png HTTP/1.1" 200 51
::1 - - [06/Mar/2026:20:56:11 +0300] "GET /public/assets/img/album/photo_08.png HTTP/1.1" 200 51
::1 - - [06/Mar/2026:20:56:11 +0300] "GET /public/assets/img/album/photo_09.png HTTP/1.1" 200 51
::1 - - [06/Mar/2026:20:56:12 +0300] "GET /contacts HTTP/1.1" 200 5270
::1 - - [06/Mar/2026:20:56:12 +0300] "GET /history HTTP/1.1" 200 4510
::1 - - [06/Mar/2026:20:56:13 +0300] "GET /contacts HTTP/1.1" 200 5270
::1 - - [06/Mar/2026:20:56:14 +0300] "GET /album HTTP/1.1" 200 2412
::1 - - [06/Mar/2026:20:56:14 +0300] "GET /public/assets/img/album/photo_01.png HTTP/1.1" 200 51
::1 - - [06/Mar/2026:20:56:14 +0300] "GET /public/assets/img/album/photo_02.png HTTP/1.1" 200 51
::1 - - [06/Mar/2026:20:56:14 +0300] "GET /public/assets/img/album/photo_03.png HTTP/1.1" 200 51
::1 - - [06/Mar/2026:20:56:14 +0300] "GET /public/assets/img/album/photo_04.png HTTP/1.1" 200 51
::1 - - [06/Mar/2026:20:56:14 +0300] "GET /public/assets/img/album/photo_05.png HTTP/1.1" 200 51
::1 - - [06/Mar/2026:20:56:14 +0300] "GET /public/assets/img/album/photo_06.png HTTP/1.1" 200 51
::1 - - [06/Mar/2026:20:56:14 +0300] "GET /public/assets/img/album/photo_08.png HTTP/1.1" 200 51
::1 - - [06/Mar/2026:20:56:14 +0300] "GET /public/assets/img/album/photo_09.png HTTP/1.1" 200 51
::1 - - [06/Mar/2026:20:56:14 +0300] "GET /public/assets/img/album/photo_07.png HTTP/1.1" 200 51
::1 - - [06/Mar/2026:20:56:15 +0300] "GET /test HTTP/1.1" 200 5842
::1 - - [06/Mar/2026:20:56:15 +0300] "GET /album HTTP/1.1" 200 2412
::1 - - [06/Mar/2026:20:56:16 +0300] "GET /public/assets/img/album/photo_01.png HTTP/1.1" 200 51
::1 - - [06/Mar/2026:20:56:16 +0300] "GET /public/assets/img/album/photo_02.png HTTP/1.1" 200 51
::1 - - [06/Mar/2026:20:56:16 +0300] "GET /public/assets/img/album/photo_04.png HTTP/1.1" 200 51
::1 - - [06/Mar/2026:20:56:16 +0300] "GET /public/assets/img/album/photo_03.png HTTP/1.1" 200 51
::1 - - [06/Mar/2026:20:56:16 +0300] "GET /public/assets/img/album/photo_06.png HTTP/1.1" 200 51
::1 - - [06/Mar/2026:20:56:16 +0300] "GET /public/assets/img/album/photo_05.png HTTP/1.1" 200 51
::1 - - [06/Mar/2026:20:56:16 +0300] "GET /public/assets/img/album/photo_09.png HTTP/1.1" 200 51
::1 - - [06/Mar/2026:20:56:16 +0300] "GET /public/assets/img/album/photo_08.png HTTP/1.1" 200 51
::1 - - [06/Mar/2026:20:56:16 +0300] "GET /public/assets/img/album/photo_07.png HTTP/1.1" 200 51
::1 - - [06/Mar/2026:20:56:17 +0300] "GET /contacts HTTP/1.1" 200 5270
::1 - - [06/Mar/2026:20:56:18 +0300] "GET /history HTTP/1.1" 200 4510
::1 - - [06/Mar/2026:20:56:21 +0300] "GET /album HTTP/1.1" 200 2412
::1 - - [06/Mar/2026:20:56:21 +0300] "GET /public/assets/img/album/photo_01.png HTTP/1.1" 200 51
::1 - - [06/Mar/2026:20:56:21 +0300] "GET /public/assets/img/album/photo_02.png HTTP/1.1" 200 51
::1 - - [06/Mar/2026:20:56:21 +0300] "GET /public/assets/img/album/photo_06.png HTTP/1.1" 200 51
::1 - - [06/Mar/2026:20:56:21 +0300] "GET /public/assets/img/album/photo_05.png HTTP/1.1" 200 51
::1 - - [06/Mar/2026:20:56:21 +0300] "GET /public/assets/img/album/photo_04.png HTTP/1.1" 200 51
::1 - - [06/Mar/2026:20:56:21 +0300] "GET /public/assets/img/album/photo_07.png HTTP/1.1" 200 51
::1 - - [06/Mar/2026:20:56:21 +0300] "GET /public/assets/img/album/photo_08.png HTTP/1.1" 200 51
::1 - - [06/Mar/2026:20:56:21 +0300] "GET /public/assets/img/album/photo_03.png HTTP/1.1" 200 51
::1 - - [06/Mar/2026:20:56:21 +0300] "GET /public/assets/img/album/photo_09.png HTTP/1.1" 200 51
::1 - - [06/Mar/2026:20:57:12 +0300] "GET /album HTTP/1.1" 200 2412
::1 - - [06/Mar/2026:20:57:12 +0300] "GET /public/assets/img/album/photo_01.png HTTP/1.1" 200 51
::1 - - [06/Mar/2026:20:57:12 +0300] "GET /public/assets/img/album/photo_02.png HTTP/1.1" 200 51
::1 - - [06/Mar/2026:20:57:12 +0300] "GET /public/assets/img/album/photo_03.png HTTP/1.1" 200 51
::1 - - [06/Mar/2026:20:57:12 +0300] "GET /public/assets/img/album/photo_06.png HTTP/1.1" 200 51
::1 - - [06/Mar/2026:20:57:12 +0300] "GET /public/assets/img/album/photo_04.png HTTP/1.1" 200 51
::1 - - [06/Mar/2026:20:57:12 +0300] "GET /public/assets/img/album/photo_05.png HTTP/1.1" 200 51
::1 - - [06/Mar/2026:20:57:12 +0300] "GET /public/assets/img/album/photo_07.png HTTP/1.1" 200 51
::1 - - [06/Mar/2026:20:57:12 +0300] "GET /public/assets/img/album/photo_08.png HTTP/1.1" 200 51
::1 - - [06/Mar/2026:20:57:12 +0300] "GET /public/assets/img/album/photo_09.png HTTP/1.1" 200 51
::1 - - [06/Mar/2026:20:57:15 +0300] "GET /album HTTP/1.1" 200 2412
::1 - - [06/Mar/2026:20:57:15 +0300] "GET /public/assets/img/album/photo_10.png HTTP/1.1" 200 51
::1 - - [06/Mar/2026:20:57:15 +0300] "GET /public/assets/img/album/photo_03.png HTTP/1.1" 200 51
::1 - - [06/Mar/2026:20:57:15 +0300] "GET /public/assets/img/album/photo_01.png HTTP/1.1" 200 51
::1 - - [06/Mar/2026:20:57:15 +0300] "GET /public/assets/img/album/photo_04.png HTTP/1.1" 200 51
::1 - - [06/Mar/2026:20:57:15 +0300] "GET /public/assets/img/album/photo_05.png HTTP/1.1" 200 51
::1 - - [06/Mar/2026:20:57:15 +0300] "GET /public/assets/img/album/photo_02.png HTTP/1.1" 200 51
::1 - - [06/Mar/2026:20:57:15 +0300] "GET /public/assets/img/album/photo_06.png HTTP/1.1" 200 51
::1 - - [06/Mar/2026:20:57:15 +0300] "GET /public/assets/img/album/photo_07.png HTTP/1.1" 200 51
::1 - - [06/Mar/2026:20:57:15 +0300] "GET /public/assets/img/album/photo_08.png HTTP/1.1" 200 51
::1 - - [06/Mar/2026:20:57:15 +0300] "GET /public/assets/img/album/photo_09.png HTTP/1.1" 200 51
::1 - - [06/Mar/2026:20:57:15 +0300] "GET /album HTTP/1.1" 200 2412
::1 - - [06/Mar/2026:20:57:15 +0300] "GET /public/assets/img/album/photo_01.png HTTP/1.1" 200 51
::1 - - [06/Mar/2026:20:57:15 +0300] "GET /public/assets/img/album/photo_02.png HTTP/1.1" 200 51
::1 - - [06/Mar/2026:20:57:15 +0300] "GET /public/assets/img/album/photo_03.png HTTP/1.1" 200 51
::1 - - [06/Mar/2026:20:57:15 +0300] "GET /public/assets/img/album/photo_04.png HTTP/1.1" 200 51
::1 - - [06/Mar/2026:20:57:15 +0300] "GET /public/assets/img/album/photo_05.png HTTP/1.1" 200 51
::1 - - [06/Mar/2026:20:57:15 +0300] "GET /public/assets/img/album/photo_06.png HTTP/1.1" 200 51
::1 - - [06/Mar/2026:20:57:15 +0300] "GET /public/assets/img/album/photo_07.png HTTP/1.1" 200 51
::1 - - [06/Mar/2026:20:57:15 +0300] "GET /public/assets/img/album/photo_08.png HTTP/1.1" 200 51
::1 - - [06/Mar/2026:20:57:15 +0300] "GET /public/assets/img/album/photo_09.png HTTP/1.1" 200 51
::1 - - [06/Mar/2026:20:57:15 +0300] "GET /album HTTP/1.1" 200 2412
::1 - - [06/Mar/2026:20:57:16 +0300] "GET /public/assets/img/album/photo_03.png HTTP/1.1" 200 51
::1 - - [06/Mar/2026:20:57:16 +0300] "GET /public/assets/img/album/photo_06.png HTTP/1.1" 200 51
::1 - - [06/Mar/2026:20:57:16 +0300] "GET /public/assets/img/album/photo_01.png HTTP/1.1" 200 51
::1 - - [06/Mar/2026:20:57:16 +0300] "GET /public/assets/img/album/photo_02.png HTTP/1.1" 200 51
::1 - - [06/Mar/2026:20:57:16 +0300] "GET /public/assets/img/album/photo_04.png HTTP/1.1" 200 51
::1 - - [06/Mar/2026:20:57:16 +0300] "GET /public/assets/img/album/photo_05.png HTTP/1.1" 200 51
::1 - - [06/Mar/2026:20:57:16 +0300] "GET /public/assets/img/album/photo_07.png HTTP/1.1" 200 51
::1 - - [06/Mar/2026:20:57:16 +0300] "GET /public/assets/img/album/photo_09.png HTTP/1.1" 200 51
::1 - - [06/Mar/2026:20:57:16 +0300] "GET /public/assets/img/album/photo_08.png HTTP/1.1" 200 51
::1 - - [06/Mar/2026:20:57:16 +0300] "GET /album HTTP/1.1" 200 2412
::1 - - [06/Mar/2026:20:57:16 +0300] "GET /public/assets/img/album/photo_01.png HTTP/1.1" 200 51
::1 - - [06/Mar/2026:20:57:16 +0300] "GET /public/assets/img/album/photo_05.png HTTP/1.1" 200 51
::1 - - [06/Mar/2026:20:57:16 +0300] "GET /public/assets/img/album/photo_02.png HTTP/1.1" 200 51
::1 - - [06/Mar/2026:20:57:16 +0300] "GET /public/assets/img/album/photo_04.png HTTP/1.1" 200 51
::1 - - [06/Mar/2026:20:57:16 +0300] "GET /public/assets/img/album/photo_03.png HTTP/1.1" 200 51
::1 - - [06/Mar/2026:20:57:16 +0300] "GET /public/assets/img/album/photo_06.png HTTP/1.1" 200 51
::1 - - [06/Mar/2026:20:57:16 +0300] "GET /public/assets/img/album/photo_09.png HTTP/1.1" 200 51
::1 - - [06/Mar/2026:20:57:16 +0300] "GET /public/assets/img/album/photo_07.png HTTP/1.1" 200 51
::1 - - [06/Mar/2026:20:57:16 +0300] "GET /public/assets/img/album/photo_08.png HTTP/1.1" 200 51
::1 - - [06/Mar/2026:20:57:39 +0300] "GET /album HTTP/1.1" 200 2412
::1 - - [06/Mar/2026:20:57:39 +0300] "GET /public/assets/img/album/photo_10.png HTTP/1.1" 200 51
::1 - - [06/Mar/2026:20:57:39 +0300] "GET /public/assets/img/album/photo_03.png HTTP/1.1" 200 51
::1 - - [06/Mar/2026:20:57:39 +0300] "GET /public/assets/img/album/photo_02.png HTTP/1.1" 200 51
::1 - - [06/Mar/2026:20:57:39 +0300] "GET /public/assets/img/album/photo_05.png HTTP/1.1" 200 51
::1 - - [06/Mar/2026:20:57:39 +0300] "GET /public/assets/img/album/photo_01.png HTTP/1.1" 200 51
::1 - - [06/Mar/2026:20:57:39 +0300] "GET /public/assets/img/album/photo_06.png HTTP/1.1" 200 51
::1 - - [06/Mar/2026:20:57:39 +0300] "GET /public/assets/img/album/photo_07.png HTTP/1.1" 200 51
::1 - - [06/Mar/2026:20:57:39 +0300] "GET /public/assets/img/album/photo_09.png HTTP/1.1" 200 51
::1 - - [06/Mar/2026:20:57:39 +0300] "GET /public/assets/img/album/photo_04.png HTTP/1.1" 200 51
::1 - - [06/Mar/2026:20:57:39 +0300] "GET /public/assets/img/album/photo_08.png HTTP/1.1" 200 51
::1 - - [06/Mar/2026:20:57:40 +0300] "GET /album HTTP/1.1" 200 2412
::1 - - [06/Mar/2026:20:57:40 +0300] "GET /public/assets/img/album/photo_01.png HTTP/1.1" 200 51
::1 - - [06/Mar/2026:20:57:40 +0300] "GET /public/assets/img/album/photo_07.png HTTP/1.1" 200 51
::1 - - [06/Mar/2026:20:57:40 +0300] "GET /public/assets/img/album/photo_03.png HTTP/1.1" 200 51
::1 - - [06/Mar/2026:20:57:40 +0300] "GET /public/assets/img/album/photo_02.png HTTP/1.1" 200 51
::1 - - [06/Mar/2026:20:57:40 +0300] "GET /public/assets/img/album/photo_06.png HTTP/1.1" 200 51
::1 - - [06/Mar/2026:20:57:40 +0300] "GET /public/assets/img/album/photo_04.png HTTP/1.1" 200 51
::1 - - [06/Mar/2026:20:57:40 +0300] "GET /public/assets/img/album/photo_05.png HTTP/1.1" 200 51
::1 - - [06/Mar/2026:20:57:40 +0300] "GET /public/assets/img/album/photo_09.png HTTP/1.1" 200 51
::1 - - [06/Mar/2026:20:57:40 +0300] "GET /public/assets/img/album/photo_08.png HTTP/1.1" 200 51
::1 - - [06/Mar/2026:20:57:40 +0300] "GET /album HTTP/1.1" 200 2412
::1 - - [06/Mar/2026:20:57:40 +0300] "GET /public/assets/img/album/photo_02.png HTTP/1.1" 200 51
::1 - - [06/Mar/2026:20:57:40 +0300] "GET /public/assets/img/album/photo_05.png HTTP/1.1" 200 51
::1 - - [06/Mar/2026:20:57:40 +0300] "GET /public/assets/img/album/photo_06.png HTTP/1.1" 200 51
::1 - - [06/Mar/2026:20:57:40 +0300] "GET /public/assets/img/album/photo_04.png HTTP/1.1" 200 51
::1 - - [06/Mar/2026:20:57:40 +0300] "GET /public/assets/img/album/photo_01.png HTTP/1.1" 200 51
::1 - - [06/Mar/2026:20:57:40 +0300] "GET /public/assets/img/album/photo_03.png HTTP/1.1" 200 51
::1 - - [06/Mar/2026:20:57:40 +0300] "GET /public/assets/img/album/photo_09.png HTTP/1.1" 200 51
::1 - - [06/Mar/2026:20:57:40 +0300] "GET /public/assets/img/album/photo_07.png HTTP/1.1" 200 51
::1 - - [06/Mar/2026:20:57:40 +0300] "GET /public/assets/img/album/photo_08.png HTTP/1.1" 200 51
::1 - - [06/Mar/2026:20:57:40 +0300] "GET /album HTTP/1.1" 200 2412
::1 - - [06/Mar/2026:20:57:40 +0300] "GET /public/assets/img/album/photo_01.png HTTP/1.1" 200 51
::1 - - [06/Mar/2026:20:57:40 +0300] "GET /public/assets/img/album/photo_02.png HTTP/1.1" 200 51
::1 - - [06/Mar/2026:20:57:40 +0300] "GET /public/assets/img/album/photo_05.png HTTP/1.1" 200 51
::1 - - [06/Mar/2026:20:57:40 +0300] "GET /public/assets/img/album/photo_06.png HTTP/1.1" 200 51
::1 - - [06/Mar/2026:20:57:40 +0300] "GET /public/assets/img/album/photo_03.png HTTP/1.1" 200 51
::1 - - [06/Mar/2026:20:57:40 +0300] "GET /public/assets/img/album/photo_04.png HTTP/1.1" 200 51
::1 - - [06/Mar/2026:20:57:40 +0300] "GET /public/assets/img/album/photo_07.png HTTP/1.1" 200 51
::1 - - [06/Mar/2026:20:57:40 +0300] "GET /public/assets/img/album/photo_09.png HTTP/1.1" 200 51
::1 - - [06/Mar/2026:20:57:40 +0300] "GET /public/assets/img/album/photo_08.png HTTP/1.1" 200 51
::1 - - [06/Mar/2026:20:57:40 +0300] "GET /album HTTP/1.1" 200 2412
::1 - - [06/Mar/2026:20:57:40 +0300] "GET /public/assets/img/album/photo_01.png HTTP/1.1" 200 51
::1 - - [06/Mar/2026:20:57:40 +0300] "GET /public/assets/img/album/photo_02.png HTTP/1.1" 200 51
::1 - - [06/Mar/2026:20:57:40 +0300] "GET /public/assets/img/album/photo_03.png HTTP/1.1" 200 51
::1 - - [06/Mar/2026:20:57:40 +0300] "GET /public/assets/img/album/photo_04.png HTTP/1.1" 200 51
::1 - - [06/Mar/2026:20:57:40 +0300] "GET /public/assets/img/album/photo_05.png HTTP/1.1" 200 51
::1 - - [06/Mar/2026:20:57:40 +0300] "GET /public/assets/img/album/photo_06.png HTTP/1.1" 200 51
::1 - - [06/Mar/2026:20:57:40 +0300] "GET /public/assets/img/album/photo_08.png HTTP/1.1" 200 51
::1 - - [06/Mar/2026:20:57:40 +0300] "GET /public/assets/img/album/photo_07.png HTTP/1.1" 200 51
::1 - - [06/Mar/2026:20:57:40 +0300] "GET /public/assets/img/album/photo_09.png HTTP/1.1" 200 51
::1 - - [06/Mar/2026:20:57:40 +0300] "GET /album HTTP/1.1" 200 2412
::1 - - [06/Mar/2026:20:57:41 +0300] "GET /public/assets/img/album/photo_01.png HTTP/1.1" 200 51
::1 - - [06/Mar/2026:20:57:41 +0300] "GET /public/assets/img/album/photo_02.png HTTP/1.1" 200 51
::1 - - [06/Mar/2026:20:57:41 +0300] "GET /public/assets/img/album/photo_05.png HTTP/1.1" 200 51
::1 - - [06/Mar/2026:20:57:41 +0300] "GET /public/assets/img/album/photo_03.png HTTP/1.1" 200 51
::1 - - [06/Mar/2026:20:57:41 +0300] "GET /public/assets/img/album/photo_04.png HTTP/1.1" 200 51
::1 - - [06/Mar/2026:20:57:41 +0300] "GET /public/assets/img/album/photo_06.png HTTP/1.1" 200 51
::1 - - [06/Mar/2026:20:57:41 +0300] "GET /album HTTP/1.1" 200 2412
::1 - - [06/Mar/2026:20:57:41 +0300] "GET /public/assets/img/album/photo_07.png HTTP/1.1" 200 51
::1 - - [06/Mar/2026:20:57:41 +0300] "GET /public/assets/img/album/photo_09.png HTTP/1.1" 200 51
::1 - - [06/Mar/2026:20:57:41 +0300] "GET /public/assets/img/album/photo_08.png HTTP/1.1" 200 51
::1 - - [06/Mar/2026:20:57:41 +0300] "GET /public/assets/img/album/photo_02.png HTTP/1.1" 200 51
::1 - - [06/Mar/2026:20:57:41 +0300] "GET /public/assets/img/album/photo_03.png HTTP/1.1" 200 51
::1 - - [06/Mar/2026:20:57:41 +0300] "GET /public/assets/img/album/photo_04.png HTTP/1.1" 200 51
::1 - - [06/Mar/2026:20:57:41 +0300] "GET /public/assets/img/album/photo_06.png HTTP/1.1" 200 51
::1 - - [06/Mar/2026:20:57:41 +0300] "GET /public/assets/img/album/photo_05.png HTTP/1.1" 200 51
::1 - - [06/Mar/2026:20:57:41 +0300] "GET /public/assets/img/album/photo_01.png HTTP/1.1" 200 51
::1 - - [06/Mar/2026:20:57:41 +0300] "GET /public/assets/img/album/photo_09.png HTTP/1.1" 200 51
::1 - - [06/Mar/2026:20:57:41 +0300] "GET /public/assets/img/album/photo_07.png HTTP/1.1" 200 51
::1 - - [06/Mar/2026:20:57:41 +0300] "GET /public/assets/img/album/photo_08.png HTTP/1.1" 200 51
::1 - - [06/Mar/2026:20:57:41 +0300] "GET /album HTTP/1.1" 200 2412
::1 - - [06/Mar/2026:20:57:41 +0300] "GET /public/assets/img/album/photo_01.png HTTP/1.1" 200 51
::1 - - [06/Mar/2026:20:57:41 +0300] "GET /public/assets/img/album/photo_02.png HTTP/1.1" 200 51
::1 - - [06/Mar/2026:20:57:41 +0300] "GET /public/assets/img/album/photo_03.png HTTP/1.1" 200 51
::1 - - [06/Mar/2026:20:57:41 +0300] "GET /public/assets/img/album/photo_04.png HTTP/1.1" 200 51
::1 - - [06/Mar/2026:20:57:41 +0300] "GET /public/assets/img/album/photo_06.png HTTP/1.1" 200 51
::1 - - [06/Mar/2026:20:57:41 +0300] "GET /public/assets/img/album/photo_05.png HTTP/1.1" 200 51
::1 - - [06/Mar/2026:20:57:41 +0300] "GET /public/assets/img/album/photo_07.png HTTP/1.1" 200 51
::1 - - [06/Mar/2026:20:57:41 +0300] "GET /public/assets/img/album/photo_08.png HTTP/1.1" 200 51
::1 - - [06/Mar/2026:20:57:41 +0300] "GET /public/assets/img/album/photo_09.png HTTP/1.1" 200 51
::1 - - [06/Mar/2026:20:57:41 +0300] "GET /album HTTP/1.1" 200 2412
::1 - - [06/Mar/2026:20:57:41 +0300] "GET /public/assets/img/album/photo_01.png HTTP/1.1" 200 51
::1 - - [06/Mar/2026:20:57:41 +0300] "GET /public/assets/img/album/photo_03.png HTTP/1.1" 200 51
::1 - - [06/Mar/2026:20:57:41 +0300] "GET /public/assets/img/album/photo_02.png HTTP/1.1" 200 51
::1 - - [06/Mar/2026:20:57:41 +0300] "GET /public/assets/img/album/photo_04.png HTTP/1.1" 200 51
::1 - - [06/Mar/2026:20:57:41 +0300] "GET /public/assets/img/album/photo_06.png HTTP/1.1" 200 51
::1 - - [06/Mar/2026:20:57:41 +0300] "GET /public/assets/img/album/photo_05.png HTTP/1.1" 200 51
::1 - - [06/Mar/2026:20:57:41 +0300] "GET /public/assets/img/album/photo_07.png HTTP/1.1" 200 51
::1 - - [06/Mar/2026:20:57:41 +0300] "GET /public/assets/img/album/photo_08.png HTTP/1.1" 200 51
::1 - - [06/Mar/2026:20:57:41 +0300] "GET /public/assets/img/album/photo_09.png HTTP/1.1" 200 51
::1 - - [06/Mar/2026:20:57:41 +0300] "GET /album HTTP/1.1" 200 2412
::1 - - [06/Mar/2026:20:57:41 +0300] "GET /public/assets/img/album/photo_01.png HTTP/1.1" 200 51
::1 - - [06/Mar/2026:20:57:41 +0300] "GET /public/assets/img/album/photo_04.png HTTP/1.1" 200 51
::1 - - [06/Mar/2026:20:57:41 +0300] "GET /public/assets/img/album/photo_05.png HTTP/1.1" 200 51
::1 - - [06/Mar/2026:20:57:41 +0300] "GET /public/assets/img/album/photo_06.png HTTP/1.1" 200 51
::1 - - [06/Mar/2026:20:57:41 +0300] "GET /public/assets/img/album/photo_02.png HTTP/1.1" 200 51
::1 - - [06/Mar/2026:20:57:41 +0300] "GET /public/assets/img/album/photo_03.png HTTP/1.1" 200 51
::1 - - [06/Mar/2026:20:57:41 +0300] "GET /public/assets/img/album/photo_08.png HTTP/1.1" 200 51
::1 - - [06/Mar/2026:20:57:41 +0300] "GET /public/assets/img/album/photo_07.png HTTP/1.1" 200 51
::1 - - [06/Mar/2026:20:57:41 +0300] "GET /public/assets/img/album/photo_09.png HTTP/1.1" 200 51
::1 - - [06/Mar/2026:20:58:41 +0300] "GET /.well-known/appspecific/com.chrome.devtools.json HTTP/1.1" 200 56
::1 - - [06/Mar/2026:20:58:41 +0300] "GET /public/assets/img/album/photo_10.png HTTP/1.1" 200 51
::1 - - [06/Mar/2026:20:59:08 +0300] "GET /public/assets/img/album/photo_01.png HTTP/1.1" 200 51
::1 - - [06/Mar/2026:20:59:09 +0300] "GET /public/assets/img/album/photo_01.png HTTP/1.1" 200 51
::1 - - [06/Mar/2026:20:59:18 +0300] "GET /public/assets/img/album/photo_11.png HTTP/1.1" 200 51
::1 - - [06/Mar/2026:20:59:18 +0300] "GET /public/assets/img/album/photo_12.png HTTP/1.1" 200 51
::1 - - [06/Mar/2026:20:59:18 +0300] "GET /public/assets/img/album/photo_13.png HTTP/1.1" 200 51
::1 - - [06/Mar/2026:20:59:18 +0300] "GET /public/assets/img/album/photo_14.png HTTP/1.1" 200 51
::1 - - [06/Mar/2026:20:59:18 +0300] "GET /public/assets/img/album/photo_15.png HTTP/1.1" 200 51
::1 - - [06/Mar/2026:21:04:06 +0300] "GET /album HTTP/1.1" 200 2412
::1 - - [06/Mar/2026:21:04:06 +0300] "GET /.well-known/appspecific/com.chrome.devtools.json HTTP/1.1" 200 56
::1 - - [06/Mar/2026:21:04:06 +0300] "GET /public/assets/img/album/photo_01.png HTTP/1.1" 200 51
::1 - - [06/Mar/2026:21:04:06 +0300] "GET /public/assets/img/album/photo_03.png HTTP/1.1" 200 51
::1 - - [06/Mar/2026:21:04:06 +0300] "GET /public/assets/img/album/photo_02.png HTTP/1.1" 200 51
::1 - - [06/Mar/2026:21:04:06 +0300] "GET /public/assets/img/album/photo_04.png HTTP/1.1" 200 51
::1 - - [06/Mar/2026:21:04:06 +0300] "GET /public/assets/img/album/photo_05.png HTTP/1.1" 200 51
::1 - - [06/Mar/2026:21:04:06 +0300] "GET /public/assets/img/album/photo_07.png HTTP/1.1" 200 51
::1 - - [06/Mar/2026:21:04:06 +0300] "GET /public/assets/img/album/photo_08.png HTTP/1.1" 200 51
::1 - - [06/Mar/2026:21:04:06 +0300] "GET /public/assets/img/album/photo_06.png HTTP/1.1" 200 51
::1 - - [06/Mar/2026:21:04:06 +0300] "GET /public/assets/img/album/photo_09.png HTTP/1.1" 200 51
::1 - - [06/Mar/2026:21:04:06 +0300] "GET /public/assets/img/album/photo_10.png HTTP/1.1" 200 51
::1 - - [06/Mar/2026:21:04:06 +0300] "GET /public/assets/img/album/photo_11.png HTTP/1.1" 200 51
::1 - - [06/Mar/2026:21:04:10 +0300] "GET /public/assets/img/album/photo_01.png HTTP/1.1" 200 51
::1 - - [06/Mar/2026:21:04:12 +0300] "GET /public/assets/img/album/photo_01.png HTTP/1.1" 200 51
::1 - - [06/Mar/2026:21:04:13 +0300] "GET /public/assets/img/album/photo_02.png HTTP/1.1" 200 51
::1 - - [06/Mar/2026:21:04:13 +0300] "GET /public/assets/img/album/photo_03.png HTTP/1.1" 200 51
::1 - - [06/Mar/2026:21:04:14 +0300] "GET /public/assets/img/album/photo_04.png HTTP/1.1" 200 51
::1 - - [06/Mar/2026:21:04:15 +0300] "GET /about HTTP/1.1" 200 2660
::1 - - [06/Mar/2026:21:04:16 +0300] "GET /interests HTTP/1.1" 200 3563
::1 - - [06/Mar/2026:21:04:17 +0300] "GET /study HTTP/1.1" 200 4839
::1 - - [06/Mar/2026:21:04:18 +0300] "GET /test HTTP/1.1" 200 5842
::1 - - [06/Mar/2026:21:04:28 +0300] "POST /test HTTP/1.1" 200 6049
::1 - - [06/Mar/2026:21:04:39 +0300] "POST /test HTTP/1.1" 200 6034
::1 - - [06/Mar/2026:21:04:39 +0300] "GET /public/assets/js/history.js HTTP/1.1" 304 -
::1 - - [06/Mar/2026:21:04:53 +0300] "POST /test HTTP/1.1" 200 464
::1 - - [06/Mar/2026:21:04:59 +0300] "GET /history HTTP/1.1" 200 4510
::1 - - [06/Mar/2026:21:05:00 +0300] "GET /contacts HTTP/1.1" 200 5270
::1 - - [06/Mar/2026:21:05:50 +0300] "POST /contacts HTTP/1.1" 200 5377
::1 - - [06/Mar/2026:21:06:54 +0300] "GET /album HTTP/1.1" 200 2475
::1 - - [06/Mar/2026:21:06:54 +0300] "GET /public/assets/js/album.js HTTP/1.1" 200 1508
::1 - - [06/Mar/2026:21:06:54 +0300] "GET /public/assets/imgphoto_01.png HTTP/1.1" 200 51
::1 - - [06/Mar/2026:21:06:54 +0300] "GET /public/assets/imgphoto_07.png HTTP/1.1" 200 51
::1 - - [06/Mar/2026:21:06:54 +0300] "GET /public/assets/imgphoto_04.png HTTP/1.1" 200 51
::1 - - [06/Mar/2026:21:06:54 +0300] "GET /public/assets/imgphoto_05.png HTTP/1.1" 200 51
::1 - - [06/Mar/2026:21:06:54 +0300] "GET /public/assets/imgphoto_02.png HTTP/1.1" 200 51
::1 - - [06/Mar/2026:21:06:54 +0300] "GET /public/assets/imgphoto_06.png HTTP/1.1" 200 51
::1 - - [06/Mar/2026:21:06:54 +0300] "GET /public/assets/imgphoto_08.png HTTP/1.1" 200 51
::1 - - [06/Mar/2026:21:06:54 +0300] "GET /public/assets/imgphoto_03.png HTTP/1.1" 200 51
::1 - - [06/Mar/2026:21:06:54 +0300] "GET /public/assets/imgphoto_09.png HTTP/1.1" 200 51
::1 - - [06/Mar/2026:21:06:55 +0300] "GET /public/assets/imgphoto_01.png HTTP/1.1" 200 51
::1 - - [06/Mar/2026:21:06:55 +0300] "GET /public/assets/imgphoto_01.png HTTP/1.1" 200 51
::1 - - [06/Mar/2026:21:07:01 +0300] "GET /public/assets/imgphoto_01.png HTTP/1.1" 200 51
::1 - - [06/Mar/2026:21:07:01 +0300] "GET /public/assets/imgphoto_01.png HTTP/1.1" 200 51
::1 - - [06/Mar/2026:21:07:19 +0300] "GET /public/assets/imgphoto_01.png HTTP/1.1" 200 51
::1 - - [06/Mar/2026:21:07:20 +0300] "GET /public/assets/imgphoto_01.png HTTP/1.1" 200 51
::1 - - [06/Mar/2026:21:07:32 +0300] "GET /public/assets/imgphoto_01.png HTTP/1.1" 200 51
::1 - - [06/Mar/2026:21:07:32 +0300] "GET /public/assets/imgphoto_01.png HTTP/1.1" 200 51
::1 - - [06/Mar/2026:21:07:35 +0300] "GET /album HTTP/1.1" 200 2413
::1 - - [06/Mar/2026:21:07:35 +0300] "GET /public/assets/imgphoto_01.png HTTP/1.1" 200 51
::1 - - [06/Mar/2026:21:07:35 +0300] "GET /public/assets/imgphoto_03.png HTTP/1.1" 200 51
::1 - - [06/Mar/2026:21:07:35 +0300] "GET /public/assets/imgphoto_04.png HTTP/1.1" 200 51
::1 - - [06/Mar/2026:21:07:35 +0300] "GET /public/assets/imgphoto_05.png HTTP/1.1" 200 51
::1 - - [06/Mar/2026:21:07:35 +0300] "GET /public/assets/imgphoto_02.png HTTP/1.1" 200 51
::1 - - [06/Mar/2026:21:07:35 +0300] "GET /public/assets/imgphoto_06.png HTTP/1.1" 200 51
::1 - - [06/Mar/2026:21:07:35 +0300] "GET /public/assets/imgphoto_08.png HTTP/1.1" 200 51
::1 - - [06/Mar/2026:21:07:35 +0300] "GET /public/assets/imgphoto_09.png HTTP/1.1" 200 51
::1 - - [06/Mar/2026:21:07:35 +0300] "GET /public/assets/imgphoto_07.png HTTP/1.1" 200 51
::1 - - [06/Mar/2026:21:07:36 +0300] "GET /public/assets/imgphoto_01.png HTTP/1.1" 200 51
::1 - - [06/Mar/2026:21:07:38 +0300] "GET /public/assets/imgphoto_02.png HTTP/1.1" 200 51
::1 - - [06/Mar/2026:21:07:39 +0300] "GET /public/assets/imgphoto_03.png HTTP/1.1" 200 51
::1 - - [06/Mar/2026:21:07:41 +0300] "GET /public/assets/imgphoto_01.png HTTP/1.1" 200 51
::1 - - [06/Mar/2026:21:07:42 +0300] "GET /public/assets/imgphoto_02.png HTTP/1.1" 200 51
::1 - - [06/Mar/2026:21:08:13 +0300] "GET /album HTTP/1.1" 200 2413
::1 - - [06/Mar/2026:21:08:13 +0300] "GET /public/assets/js/album.js HTTP/1.1" 304 -
::1 - - [06/Mar/2026:21:08:13 +0300] "GET /public/assets/imgphoto_01.png HTTP/1.1" 200 51
::1 - - [06/Mar/2026:21:08:13 +0300] "GET /public/assets/imgphoto_02.png HTTP/1.1" 200 51
::1 - - [06/Mar/2026:21:08:13 +0300] "GET /public/assets/imgphoto_03.png HTTP/1.1" 200 51
::1 - - [06/Mar/2026:21:08:13 +0300] "GET /public/assets/imgphoto_04.png HTTP/1.1" 200 51
::1 - - [06/Mar/2026:21:08:13 +0300] "GET /public/assets/imgphoto_05.png HTTP/1.1" 200 51
::1 - - [06/Mar/2026:21:08:13 +0300] "GET /public/assets/imgphoto_06.png HTTP/1.1" 200 51
::1 - - [06/Mar/2026:21:08:13 +0300] "GET /public/assets/imgphoto_07.png HTTP/1.1" 200 51
::1 - - [06/Mar/2026:21:08:13 +0300] "GET /public/assets/imgphoto_08.png HTTP/1.1" 200 51
::1 - - [06/Mar/2026:21:08:13 +0300] "GET /public/assets/imgphoto_09.png HTTP/1.1" 200 51
::1 - - [06/Mar/2026:21:08:13 +0300] "GET /public/assets/imgphoto_01.png HTTP/1.1" 200 51
::1 - - [06/Mar/2026:21:08:14 +0300] "GET /public/assets/imgphoto_02.png HTTP/1.1" 200 51
::1 - - [06/Mar/2026:21:08:15 +0300] "GET /public/assets/imgphoto_03.png HTTP/1.1" 200 51
::1 - - [06/Mar/2026:21:08:15 +0300] "GET /public/assets/imgphoto_04.png HTTP/1.1" 200 51
::1 - - [06/Mar/2026:21:08:15 +0300] "GET /public/assets/imgphoto_05.png HTTP/1.1" 200 51
::1 - - [06/Mar/2026:21:08:44 +0300] "GET / HTTP/1.1" 200 2903
::1 - - [06/Mar/2026:21:08:45 +0300] "GET /about HTTP/1.1" 200 2659
::1 - - [06/Mar/2026:21:08:46 +0300] "GET /interests HTTP/1.1" 200 3562
::1 - - [06/Mar/2026:21:08:46 +0300] "GET /study HTTP/1.1" 200 4838
::1 - - [06/Mar/2026:21:08:48 +0300] "GET /study HTTP/1.1" 200 4838
::1 - - [06/Mar/2026:21:08:49 +0300] "GET /interests HTTP/1.1" 200 3562
::1 - - [06/Mar/2026:21:08:53 +0300] "GET /contacts HTTP/1.1" 200 5269
::1 - - [06/Mar/2026:21:08:55 +0300] "GET /history HTTP/1.1" 200 4509
::1 - - [06/Mar/2026:21:09:47 +0300] "GET /history HTTP/1.1" 200 4509
::1 - - [06/Mar/2026:21:09:51 +0300] "GET /public/assets/img/photo_01.png HTTP/1.1" 200 65432
::1 - - [06/Mar/2026:21:18:30 +0300] "GET /album HTTP/1.1" 200 2413
::1 - - [06/Mar/2026:21:18:30 +0300] "GET /public/assets/js/album.js HTTP/1.1" 200 1509
::1 - - [06/Mar/2026:21:18:30 +0300] "GET /public/assets/js/history.js HTTP/1.1" 304 -
::1 - - [06/Mar/2026:21:18:30 +0300] "GET /public/assets/img/photo_02.png HTTP/1.1" 200 538441
::1 - - [06/Mar/2026:21:18:30 +0300] "GET /public/assets/img/photo_03.png HTTP/1.1" 200 368168
::1 - - [06/Mar/2026:21:18:30 +0300] "GET /public/assets/img/photo_04.png HTTP/1.1" 200 398986
::1 - - [06/Mar/2026:21:18:30 +0300] "GET /public/assets/img/photo_05.png HTTP/1.1" 200 107221
::1 - - [06/Mar/2026:21:18:30 +0300] "GET /public/assets/img/photo_06.png HTTP/1.1" 200 1335030
::1 - - [06/Mar/2026:21:18:30 +0300] "GET /public/assets/img/photo_07.png HTTP/1.1" 200 67702
::1 - - [06/Mar/2026:21:18:30 +0300] "GET /public/assets/img/photo_08.png HTTP/1.1" 200 317288
::1 - - [06/Mar/2026:21:18:30 +0300] "GET /public/assets/img/photo_09.png HTTP/1.1" 200 215073
::1 - - [06/Mar/2026:21:18:30 +0300] "GET /public/assets/img/photo_11.png HTTP/1.1" 200 206215
::1 - - [06/Mar/2026:21:18:30 +0300] "GET /public/assets/img/photo_10.png HTTP/1.1" 200 660977
::1 - - [06/Mar/2026:21:18:30 +0300] "GET /public/assets/img/photo_13.png HTTP/1.1" 200 133156
::1 - - [06/Mar/2026:21:18:30 +0300] "GET /public/assets/img/photo_12.png HTTP/1.1" 200 484187
::1 - - [06/Mar/2026:21:18:30 +0300] "GET /public/assets/img/photo_15.png HTTP/1.1" 200 1851942
::1 - - [06/Mar/2026:21:18:30 +0300] "GET /public/assets/img/photo_14.png HTTP/1.1" 200 1334596
::1 - - [06/Mar/2026:21:19:21 +0300] "GET /study HTTP/1.1" 200 4838
::1 - - [06/Mar/2026:21:19:22 +0300] "GET /test HTTP/1.1" 200 5841
::1 - - [06/Mar/2026:21:19:30 +0300] "POST /test HTTP/1.1" 200 464
::1 - - [06/Mar/2026:21:20:05 +0300] "GET /test HTTP/1.1" 200 5841
::1 - - [06/Mar/2026:21:20:07 +0300] "GET /history HTTP/1.1" 200 4509
::1 - - [06/Mar/2026:21:20:09 +0300] "GET /about HTTP/1.1" 200 2659
::1 - - [06/Mar/2026:21:20:09 +0300] "GET /interests HTTP/1.1" 200 3562
::1 - - [06/Mar/2026:21:20:10 +0300] "GET /study HTTP/1.1" 200 4838
::1 - - [06/Mar/2026:21:20:11 +0300] "GET /interests HTTP/1.1" 200 3562
::1 - - [06/Mar/2026:21:20:14 +0300] "GET /album HTTP/1.1" 200 2413
::1 - - [06/Mar/2026:21:20:14 +0300] "GET /public/assets/js/album.js HTTP/1.1" 304 -
::1 - - [06/Mar/2026:21:26:15 +0300] "GET /study HTTP/1.1" 200 4838
::1 - - [06/Mar/2026:21:26:17 +0300] "GET /test HTTP/1.1" 200 5841
::1 - - [06/Mar/2026:21:26:33 +0300] "POST /test HTTP/1.1" 200 466
::1 - - [06/Mar/2026:21:27:01 +0300] "GET /test HTTP/1.1" 200 5841
::1 - - [06/Mar/2026:21:27:16 +0300] "POST /test HTTP/1.1" 200 2675
::1 - - [06/Mar/2026:21:27:32 +0300] "GET /test HTTP/1.1" 200 5841
127.0.0.1 - - [09/Mar/2026:21:47:49 +0300] "GET / HTTP/1.1" 200 2903
127.0.0.1 - - [09/Mar/2026:21:47:49 +0300] "GET /public/assets/css/styles.css HTTP/1.1" 304 -
127.0.0.1 - - [09/Mar/2026:21:47:49 +0300] "GET /public/assets/js/history.js HTTP/1.1" 304 -
127.0.0.1 - - [09/Mar/2026:21:47:56 +0300] "GET /about HTTP/1.1" 200 2659
127.0.0.1 - - [09/Mar/2026:21:47:56 +0300] "GET /interests HTTP/1.1" 200 3562
127.0.0.1 - - [09/Mar/2026:21:48:01 +0300] "GET /test HTTP/1.1" 200 5841
127.0.0.1 - - [09/Mar/2026:21:48:01 +0300] "GET /public/assets/js/validate_test.js HTTP/1.1" 304 -
127.0.0.1 - - [09/Mar/2026:21:48:01 +0300] "GET /album HTTP/1.1" 200 2413
127.0.0.1 - - [09/Mar/2026:21:48:02 +0300] "GET /public/assets/js/album.js HTTP/1.1" 304 -
127.0.0.1 - - [09/Mar/2026:21:48:02 +0300] "GET /public/assets/img/photo_01.png HTTP/1.1" 304 -
127.0.0.1 - - [09/Mar/2026:21:48:02 +0300] "GET /public/assets/img/photo_02.png HTTP/1.1" 304 -
127.0.0.1 - - [09/Mar/2026:21:48:02 +0300] "GET /public/assets/img/photo_04.png HTTP/1.1" 304 -
127.0.0.1 - - [09/Mar/2026:21:48:02 +0300] "GET /public/assets/img/photo_05.png HTTP/1.1" 304 -
127.0.0.1 - - [09/Mar/2026:21:48:02 +0300] "GET /public/assets/img/photo_03.png HTTP/1.1" 304 -
127.0.0.1 - - [09/Mar/2026:21:48:02 +0300] "GET /public/assets/img/photo_06.png HTTP/1.1" 304 -
127.0.0.1 - - [09/Mar/2026:21:48:02 +0300] "GET /public/assets/img/photo_07.png HTTP/1.1" 304 -
127.0.0.1 - - [09/Mar/2026:21:48:02 +0300] "GET /public/assets/img/photo_08.png HTTP/1.1" 304 -
127.0.0.1 - - [09/Mar/2026:21:48:02 +0300] "GET /public/assets/img/photo_09.png HTTP/1.1" 304 -
127.0.0.1 - - [09/Mar/2026:21:48:02 +0300] "GET /public/assets/img/photo_11.png HTTP/1.1" 304 -
127.0.0.1 - - [09/Mar/2026:21:48:02 +0300] "GET /public/assets/img/photo_10.png HTTP/1.1" 304 -
127.0.0.1 - - [09/Mar/2026:21:48:02 +0300] "GET /public/assets/img/photo_12.png HTTP/1.1" 304 -
127.0.0.1 - - [09/Mar/2026:21:48:02 +0300] "GET /public/assets/img/photo_13.png HTTP/1.1" 304 -
127.0.0.1 - - [09/Mar/2026:21:48:02 +0300] "GET /public/assets/img/photo_14.png HTTP/1.1" 304 -
127.0.0.1 - - [09/Mar/2026:21:48:02 +0300] "GET /public/assets/img/photo_15.png HTTP/1.1" 304 -
127.0.0.1 - - [09/Mar/2026:21:48:07 +0300] "GET /history HTTP/1.1" 200 4509
127.0.0.1 - - [09/Mar/2026:21:48:12 +0300] "GET /album HTTP/1.1" 200 2413
127.0.0.1 - - [09/Mar/2026:22:00:36 +0300] "GET /album HTTP/1.1" 200 8280
127.0.0.1 - - [09/Mar/2026:22:00:38 +0300] "GET /album HTTP/1.1" 200 8280
127.0.0.1 - - [09/Mar/2026:22:00:40 +0300] "GET /album HTTP/1.1" 200 8280
127.0.0.1 - - [09/Mar/2026:22:04:00 +0300] "GET /album HTTP/1.1" 200 8299
127.0.0.1 - - [09/Mar/2026:22:22:46 +0300] "GET /interests HTTP/1.1" 200 156
127.0.0.1 - - [09/Mar/2026:22:22:46 +0300] "GET /favicon.ico HTTP/1.1" 200 156
127.0.0.1 - - [09/Mar/2026:22:23:08 +0300] "GET /interests HTTP/1.1" 200 156
127.0.0.1 - - [09/Mar/2026:22:23:08 +0300] "GET /favicon.ico HTTP/1.1" 200 156
127.0.0.1 - - [09/Mar/2026:22:23:09 +0300] "GET /interests HTTP/1.1" 200 156
127.0.0.1 - - [09/Mar/2026:22:23:09 +0300] "GET /favicon.ico HTTP/1.1" 200 156
127.0.0.1 - - [09/Mar/2026:22:24:27 +0300] "GET /interests HTTP/1.1" 200 6494
127.0.0.1 - - [09/Mar/2026:22:39:54 +0300] "GET /contacts HTTP/1.1" 200 5269
127.0.0.1 - - [09/Mar/2026:22:39:55 +0300] "GET /history HTTP/1.1" 200 4509
127.0.0.1 - - [09/Mar/2026:22:49:38 +0300] "GET /contacts HTTP/1.1" 200 5269
127.0.0.1 - - [09/Mar/2026:22:50:33 +0300] "POST /contacts HTTP/1.1" 200 5376
127.0.0.1 - - [09/Mar/2026:22:50:38 +0300] "GET /test HTTP/1.1" 200 5841
127.0.0.1 - - [09/Mar/2026:22:50:51 +0300] "POST /test HTTP/1.1" 200 2675
127.0.0.1 - - [09/Mar/2026:22:50:54 +0300] "GET /test HTTP/1.1" 200 5841
127.0.0.1 - - [09/Mar/2026:22:57:04 +0300] "GET /contacts HTTP/1.1" 200 5269
127.0.0.1 - - [09/Mar/2026:22:58:09 +0300] "POST /contacts HTTP/1.1" 200 5376
127.0.0.1 - - [09/Mar/2026:22:58:11 +0300] "GET /test HTTP/1.1" 200 5841
127.0.0.1 - - [09/Mar/2026:22:58:29 +0300] "POST /test HTTP/1.1" 200 2679
127.0.0.1 - - [09/Mar/2026:22:58:39 +0300] "GET / HTTP/1.1" 200 2903
127.0.0.1 - - [09/Mar/2026:23:03:43 +0300] "GET /test HTTP/1.1" 200 5841
127.0.0.1 - - [09/Mar/2026:23:03:55 +0300] "POST /test HTTP/1.1" 200 839
127.0.0.1 - - [09/Mar/2026:23:03:55 +0300] "GET /favicon.ico HTTP/1.1" 200 56
127.0.0.1 - - [09/Mar/2026:23:03:59 +0300] "GET /test HTTP/1.1" 200 5841
127.0.0.1 - - [09/Mar/2026:23:04:10 +0300] "POST /test HTTP/1.1" 200 788
127.0.0.1 - - [09/Mar/2026:23:04:10 +0300] "GET /favicon.ico HTTP/1.1" 200 56
127.0.0.1 - - [09/Mar/2026:23:08:15 +0300] "POST /test HTTP/1.1" 200 2675
127.0.0.1 - - [09/Mar/2026:23:08:19 +0300] "POST /test HTTP/1.1" 200 2675
127.0.0.1 - - [09/Mar/2026:23:08:21 +0300] "GET /test HTTP/1.1" 200 5841
127.0.0.1 - - [09/Mar/2026:23:08:29 +0300] "POST /test HTTP/1.1" 200 2675
127.0.0.1 - - [09/Mar/2026:23:08:33 +0300] "POST /test HTTP/1.1" 200 2675
127.0.0.1 - - [09/Mar/2026:23:08:35 +0300] "GET /test HTTP/1.1" 200 5841
127.0.0.1 - - [10/Mar/2026:18:05:51 +0300] "GET / HTTP/1.1" 200 2903
127.0.0.1 - - [10/Mar/2026:18:05:51 +0300] "GET /public/assets/js/history.js HTTP/1.1" 304 -
127.0.0.1 - - [10/Mar/2026:20:36:10 +0300] "GET /study HTTP/1.1" 200 4838
127.0.0.1 - - [10/Mar/2026:20:36:12 +0300] "GET /test HTTP/1.1" 200 5841
127.0.0.1 - - [10/Mar/2026:20:36:40 +0300] "POST /test HTTP/1.1" 200 2679
127.0.0.1 - - [10/Mar/2026:20:36:43 +0300] "GET /test HTTP/1.1" 200 5841
127.0.0.1 - - [10/Mar/2026:20:36:49 +0300] "GET /contacts HTTP/1.1" 200 5269
127.0.0.1 - - [10/Mar/2026:20:37:02 +0300] "GET /history HTTP/1.1" 200 4509
127.0.0.1 - - [10/Mar/2026:20:37:03 +0300] "GET /contacts HTTP/1.1" 200 5269
127.0.0.1 - - [10/Mar/2026:20:37:38 +0300] "POST /contacts HTTP/1.1" 200 5376
127.0.0.1 - - [10/Mar/2026:20:37:40 +0300] "GET / HTTP/1.1" 200 2903
127.0.0.1 - - [10/Mar/2026:20:37:41 +0300] "GET /about HTTP/1.1" 200 2659
127.0.0.1 - - [10/Mar/2026:20:37:43 +0300] "GET /interests HTTP/1.1" 200 6494
127.0.0.1 - - [10/Mar/2026:20:37:54 +0300] "GET /test HTTP/1.1" 200 5841
127.0.0.1 - - [10/Mar/2026:20:37:58 +0300] "GET /study HTTP/1.1" 200 4838
127.0.0.1 - - [10/Mar/2026:20:38:06 +0300] "GET /test HTTP/1.1" 200 5841
127.0.0.1 - - [10/Mar/2026:20:38:09 +0300] "GET /test HTTP/1.1" 200 5841
127.0.0.1 - - [10/Mar/2026:20:38:11 +0300] "GET /study HTTP/1.1" 200 4838
127.0.0.1 - - [10/Mar/2026:20:38:11 +0300] "GET /test HTTP/1.1" 200 5841
127.0.0.1 - - [10/Mar/2026:20:38:14 +0300] "GET /study HTTP/1.1" 200 4838
127.0.0.1 - - [10/Mar/2026:20:38:20 +0300] "GET /album HTTP/1.1" 200 8299
127.0.0.1 - - [10/Mar/2026:20:38:22 +0300] "GET /study HTTP/1.1" 200 4838
127.0.0.1 - - [10/Mar/2026:20:38:26 +0300] "GET /album HTTP/1.1" 200 8299
127.0.0.1 - - [10/Mar/2026:20:38:38 +0300] "GET /contacts HTTP/1.1" 200 5269
127.0.0.1 - - [10/Mar/2026:20:38:39 +0300] "GET /history HTTP/1.1" 200 4509
::1 - - [11/Mar/2026:11:33:40 +0300] "GET / HTTP/1.1" 200 2903
::1 - - [11/Mar/2026:11:33:40 +0300] "GET /public/assets/js/history.js HTTP/1.1" 304 -
::1 - - [11/Mar/2026:11:52:48 +0300] "GET /interests HTTP/1.1" 200 6494
::1 - - [11/Mar/2026:11:54:22 +0300] "GET /interests HTTP/1.1" 200 6494
::1 - - [11/Mar/2026:11:54:23 +0300] "GET /study HTTP/1.1" 200 4838
::1 - - [11/Mar/2026:12:00:01 +0300] "GET /study/oop HTTP/1.1" 200 4838
::1 - - [11/Mar/2026:12:00:25 +0300] "GET /study HTTP/1.1" 200 4838
::1 - - [11/Mar/2026:12:15:08 +0300] "GET / HTTP/1.1" 200 197
::1 - - [11/Mar/2026:12:15:08 +0300] "GET /favicon.ico HTTP/1.1" 200 197
::1 - - [11/Mar/2026:12:16:07 +0300] "GET / HTTP/1.1" 200 197
::1 - - [11/Mar/2026:12:16:07 +0300] "GET /favicon.ico HTTP/1.1" 200 197
::1 - - [11/Mar/2026:12:16:09 +0300] "GET / HTTP/1.1" 200 197
::1 - - [11/Mar/2026:12:16:09 +0300] "GET /favicon.ico HTTP/1.1" 200 197
::1 - - [11/Mar/2026:12:16:09 +0300] "GET / HTTP/1.1" 200 197
::1 - - [11/Mar/2026:12:16:09 +0300] "GET /favicon.ico HTTP/1.1" 200 197
::1 - - [11/Mar/2026:12:16:09 +0300] "GET / HTTP/1.1" 200 197
::1 - - [11/Mar/2026:12:16:09 +0300] "GET /favicon.ico HTTP/1.1" 200 197
::1 - - [11/Mar/2026:12:18:51 +0300] "GET / HTTP/1.1" 200 2903
::1 - - [11/Mar/2026:12:18:54 +0300] "GET /about HTTP/1.1" 200 2659
::1 - - [11/Mar/2026:12:18:55 +0300] "GET /interests HTTP/1.1" 200 6494
::1 - - [11/Mar/2026:12:18:58 +0300] "GET /study HTTP/1.1" 200 4838
::1 - - [11/Mar/2026:12:19:00 +0300] "GET /test HTTP/1.1" 200 5841
::1 - - [11/Mar/2026:12:19:17 +0300] "POST /test HTTP/1.1" 200 2675
::1 - - [11/Mar/2026:12:19:19 +0300] "GET /contacts HTTP/1.1" 200 97
::1 - - [11/Mar/2026:12:19:19 +0300] "GET /favicon.ico HTTP/1.1" 200 100
::1 - - [11/Mar/2026:12:19:24 +0300] "GET /history HTTP/1.1" 200 4509
::1 - - [11/Mar/2026:12:19:25 +0300] "GET /album HTTP/1.1" 200 8299
::1 - - [11/Mar/2026:12:19:25 +0300] "GET /test HTTP/1.1" 200 5841
::1 - - [11/Mar/2026:12:19:26 +0300] "GET /study HTTP/1.1" 200 4838
::1 - - [11/Mar/2026:12:19:27 +0300] "GET /contacts HTTP/1.1" 200 97
::1 - - [11/Mar/2026:12:19:27 +0300] "GET /favicon.ico HTTP/1.1" 200 100
::1 - - [11/Mar/2026:12:19:50 +0300] "GET /contacts HTTP/1.1" 200 97
::1 - - [11/Mar/2026:12:19:50 +0300] "GET /favicon.ico HTTP/1.1" 200 100
::1 - - [11/Mar/2026:12:20:58 +0300] "GET /contacts HTTP/1.1" 200 78
::1 - - [11/Mar/2026:12:20:58 +0300] "GET /favicon.ico HTTP/1.1" 200 100
::1 - - [11/Mar/2026:12:21:31 +0300] "GET /contacts HTTP/1.1" 200 5269
::1 - - [11/Mar/2026:12:27:10 +0300] "GET /contacts HTTP/1.1" 200 5269
::1 - - [11/Mar/2026:12:27:12 +0300] "GET / HTTP/1.1" 200 2903
::1 - - [11/Mar/2026:12:27:13 +0300] "GET / HTTP/1.1" 200 2903
::1 - - [11/Mar/2026:12:27:14 +0300] "GET /about HTTP/1.1" 200 2659
::1 - - [11/Mar/2026:12:27:16 +0300] "GET /interests HTTP/1.1" 200 6494
::1 - - [11/Mar/2026:12:27:17 +0300] "GET /study HTTP/1.1" 200 4838
::1 - - [11/Mar/2026:12:27:18 +0300] "GET /test HTTP/1.1" 200 5841
::1 - - [11/Mar/2026:12:27:19 +0300] "GET /album HTTP/1.1" 200 8299
::1 - - [11/Mar/2026:12:27:20 +0300] "GET /contacts HTTP/1.1" 200 5269
::1 - - [11/Mar/2026:12:27:20 +0300] "GET /history HTTP/1.1" 200 4509
::1 - - [11/Mar/2026:12:27:25 +0300] "GET /album HTTP/1.1" 200 8299
::1 - - [11/Mar/2026:12:27:28 +0300] "GET /history HTTP/1.1" 200 4509
::1 - - [11/Mar/2026:12:27:32 +0300] "GET /contacts HTTP/1.1" 200 5269
::1 - - [11/Mar/2026:12:27:33 +0300] "GET /test HTTP/1.1" 200 5841
::1 - - [11/Mar/2026:12:27:47 +0300] "POST /test HTTP/1.1" 200 2675
::1 - - [11/Mar/2026:12:28:53 +0300] "POST /test HTTP/1.1" 200 2675
::1 - - [11/Mar/2026:12:28:56 +0300] "POST /test HTTP/1.1" 200 2675
::1 - - [11/Mar/2026:12:28:58 +0300] "GET / HTTP/1.1" 200 2903
::1 - - [11/Mar/2026:12:28:58 +0300] "GET /about HTTP/1.1" 200 2659
::1 - - [11/Mar/2026:12:28:59 +0300] "GET /interests HTTP/1.1" 200 6494
::1 - - [11/Mar/2026:12:29:00 +0300] "GET /study HTTP/1.1" 200 4838
::1 - - [11/Mar/2026:12:29:00 +0300] "GET /test HTTP/1.1" 200 5841
::1 - - [11/Mar/2026:12:32:29 +0300] "GET /about/test HTTP/1.1" 200 184
::1 - - [11/Mar/2026:12:32:29 +0300] "GET /favicon.ico HTTP/1.1" 200 100
::1 - - [11/Mar/2026:12:32:44 +0300] "GET /about HTTP/1.1" 200 184
::1 - - [11/Mar/2026:12:32:44 +0300] "GET /favicon.ico HTTP/1.1" 200 100
::1 - - [11/Mar/2026:12:32:46 +0300] "GET /about HTTP/1.1" 200 184
::1 - - [11/Mar/2026:12:32:46 +0300] "GET /favicon.ico HTTP/1.1" 200 100
::1 - - [11/Mar/2026:12:32:47 +0300] "GET /about HTTP/1.1" 200 184
::1 - - [11/Mar/2026:12:32:47 +0300] "GET /favicon.ico HTTP/1.1" 200 100
::1 - - [11/Mar/2026:12:32:51 +0300] "GET /test HTTP/1.1" 200 5841
::1 - - [11/Mar/2026:12:32:52 +0300] "GET / HTTP/1.1" 200 2903
::1 - - [11/Mar/2026:12:32:53 +0300] "GET /about HTTP/1.1" 200 184
::1 - - [11/Mar/2026:12:32:53 +0300] "GET /favicon.ico HTTP/1.1" 200 100
::1 - - [11/Mar/2026:12:33:01 +0300] "GET /about HTTP/1.1" 200 2659
::1 - - [11/Mar/2026:12:33:02 +0300] "GET /interests HTTP/1.1" 200 6494
::1 - - [11/Mar/2026:12:33:03 +0300] "GET /study HTTP/1.1" 200 4838
::1 - - [11/Mar/2026:12:33:03 +0300] "GET /test HTTP/1.1" 200 5841
::1 - - [11/Mar/2026:12:33:03 +0300] "GET /album HTTP/1.1" 200 8299
::1 - - [11/Mar/2026:12:33:04 +0300] "GET /contacts HTTP/1.1" 200 5269
::1 - - [11/Mar/2026:12:33:04 +0300] "GET /history HTTP/1.1" 200 4509
::1 - - [11/Mar/2026:12:33:47 +0300] "GET /about HTTP/1.1" 200 2659
::1 - - [11/Mar/2026:12:35:48 +0300] "GET /about HTTP/1.1" 200 2659
::1 - - [11/Mar/2026:12:35:49 +0300] "GET / HTTP/1.1" 200 2903
::1 - - [11/Mar/2026:12:35:49 +0300] "GET /about HTTP/1.1" 200 2659
::1 - - [11/Mar/2026:12:35:50 +0300] "GET /interests HTTP/1.1" 200 6494
::1 - - [11/Mar/2026:12:35:50 +0300] "GET /study HTTP/1.1" 200 4838
::1 - - [11/Mar/2026:12:35:50 +0300] "GET /test HTTP/1.1" 200 5841
::1 - - [11/Mar/2026:12:35:51 +0300] "GET /contacts HTTP/1.1" 200 5269
::1 - - [11/Mar/2026:12:35:52 +0300] "GET /album HTTP/1.1" 200 8299
::1 - - [11/Mar/2026:12:35:53 +0300] "GET /history HTTP/1.1" 200 4509
::1 - - [11/Mar/2026:12:42:25 +0300] "GET /history HTTP/1.1" 200 4509
::1 - - [11/Mar/2026:12:42:26 +0300] "GET / HTTP/1.1" 200 2903
::1 - - [11/Mar/2026:12:42:28 +0300] "GET /about HTTP/1.1" 200 2659
::1 - - [11/Mar/2026:12:42:29 +0300] "GET /interests HTTP/1.1" 200 6494
::1 - - [11/Mar/2026:12:42:33 +0300] "GET /study HTTP/1.1" 200 4838
::1 - - [11/Mar/2026:12:44:09 +0300] "GET /about HTTP/1.1" 200 2659
::1 - - [11/Mar/2026:12:44:16 +0300] "GET /about/test HTTP/1.1" 200 2661
